running egg_info
writing ../../build/server_to_motors/server_to_motors.egg-info/PKG-INFO
writing dependency_links to ../../build/server_to_motors/server_to_motors.egg-info/dependency_links.txt
writing entry points to ../../build/server_to_motors/server_to_motors.egg-info/entry_points.txt
writing requirements to ../../build/server_to_motors/server_to_motors.egg-info/requires.txt
writing top-level names to ../../build/server_to_motors/server_to_motors.egg-info/top_level.txt
reading manifest file '../../build/server_to_motors/server_to_motors.egg-info/SOURCES.txt'
writing manifest file '../../build/server_to_motors/server_to_motors.egg-info/SOURCES.txt'
running build
running build_py
copying server_to_motors/motor_commands.py -> /home/robb/ROBB/ROS/ros2_ws/build/server_to_motors/build/lib/server_to_motors
copying server_to_motors/motor_control.py -> /home/robb/ROBB/ROS/ros2_ws/build/server_to_motors/build/lib/server_to_motors
copying server_to_motors/publisher_member_function.py -> /home/robb/ROBB/ROS/ros2_ws/build/server_to_motors/build/lib/server_to_motors
running install
running install_lib
copying /home/robb/ROBB/ROS/ros2_ws/build/server_to_motors/build/lib/server_to_motors/motor_commands.py -> /home/robb/ROBB/ROS/ros2_ws/install/server_to_motors/lib/python3.10/site-packages/server_to_motors
copying /home/robb/ROBB/ROS/ros2_ws/build/server_to_motors/build/lib/server_to_motors/motor_control.py -> /home/robb/ROBB/ROS/ros2_ws/install/server_to_motors/lib/python3.10/site-packages/server_to_motors
copying /home/robb/ROBB/ROS/ros2_ws/build/server_to_motors/build/lib/server_to_motors/publisher_member_function.py -> /home/robb/ROBB/ROS/ros2_ws/install/server_to_motors/lib/python3.10/site-packages/server_to_motors
byte-compiling /home/robb/ROBB/ROS/ros2_ws/install/server_to_motors/lib/python3.10/site-packages/server_to_motors/motor_commands.py to motor_commands.cpython-310.pyc
byte-compiling /home/robb/ROBB/ROS/ros2_ws/install/server_to_motors/lib/python3.10/site-packages/server_to_motors/motor_control.py to motor_control.cpython-310.pyc
byte-compiling /home/robb/ROBB/ROS/ros2_ws/install/server_to_motors/lib/python3.10/site-packages/server_to_motors/publisher_member_function.py to publisher_member_function.cpython-310.pyc
running install_data
copying package.xml -> /home/robb/ROBB/ROS/ros2_ws/install/server_to_motors/share/server_to_motors
running install_egg_info
removing '/home/robb/ROBB/ROS/ros2_ws/install/server_to_motors/lib/python3.10/site-packages/server_to_motors-0.0.0-py3.10.egg-info' (and everything under it)
Copying ../../build/server_to_motors/server_to_motors.egg-info to /home/robb/ROBB/ROS/ros2_ws/install/server_to_motors/lib/python3.10/site-packages/server_to_motors-0.0.0-py3.10.egg-info
running install_scripts
Installing listener script to /home/robb/ROBB/ROS/ros2_ws/install/server_to_motors/lib/server_to_motors
Installing talker script to /home/robb/ROBB/ROS/ros2_ws/install/server_to_motors/lib/server_to_motors
writing list of installed files to '/home/robb/ROBB/ROS/ros2_ws/build/server_to_motors/install.log'
