/home/robb/ROBB/ROS/ros2_ws/install/server_to_motors/lib/python3.10/site-packages/server_to_motors/__init__.py
/home/robb/ROBB/ROS/ros2_ws/install/server_to_motors/lib/python3.10/site-packages/server_to_motors/motor_commands.py
/home/robb/ROBB/ROS/ros2_ws/install/server_to_motors/lib/python3.10/site-packages/server_to_motors/motor_control.py
/home/robb/ROBB/ROS/ros2_ws/install/server_to_motors/lib/python3.10/site-packages/server_to_motors/subscriber_member_function.py
/home/robb/ROBB/ROS/ros2_ws/install/server_to_motors/lib/python3.10/site-packages/server_to_motors/publisher_object_detection.py
/home/robb/ROBB/ROS/ros2_ws/install/server_to_motors/lib/python3.10/site-packages/server_to_motors/publisher_member_function.py
/home/robb/ROBB/ROS/ros2_ws/install/server_to_motors/lib/python3.10/site-packages/server_to_motors/__pycache__/__init__.cpython-310.pyc
/home/robb/ROBB/ROS/ros2_ws/install/server_to_motors/lib/python3.10/site-packages/server_to_motors/__pycache__/motor_commands.cpython-310.pyc
/home/robb/ROBB/ROS/ros2_ws/install/server_to_motors/lib/python3.10/site-packages/server_to_motors/__pycache__/motor_control.cpython-310.pyc
/home/robb/ROBB/ROS/ros2_ws/install/server_to_motors/lib/python3.10/site-packages/server_to_motors/__pycache__/subscriber_member_function.cpython-310.pyc
/home/robb/ROBB/ROS/ros2_ws/install/server_to_motors/lib/python3.10/site-packages/server_to_motors/__pycache__/publisher_object_detection.cpython-310.pyc
/home/robb/ROBB/ROS/ros2_ws/install/server_to_motors/lib/python3.10/site-packages/server_to_motors/__pycache__/publisher_member_function.cpython-310.pyc
/home/robb/ROBB/ROS/ros2_ws/install/server_to_motors/share/ament_index/resource_index/packages/server_to_motors
/home/robb/ROBB/ROS/ros2_ws/install/server_to_motors/share/server_to_motors/package.xml
/home/robb/ROBB/ROS/ros2_ws/install/server_to_motors/lib/python3.10/site-packages/server_to_motors-0.0.0-py3.10.egg-info/requires.txt
/home/robb/ROBB/ROS/ros2_ws/install/server_to_motors/lib/python3.10/site-packages/server_to_motors-0.0.0-py3.10.egg-info/PKG-INFO
/home/robb/ROBB/ROS/ros2_ws/install/server_to_motors/lib/python3.10/site-packages/server_to_motors-0.0.0-py3.10.egg-info/dependency_links.txt
/home/robb/ROBB/ROS/ros2_ws/install/server_to_motors/lib/python3.10/site-packages/server_to_motors-0.0.0-py3.10.egg-info/entry_points.txt
/home/robb/ROBB/ROS/ros2_ws/install/server_to_motors/lib/python3.10/site-packages/server_to_motors-0.0.0-py3.10.egg-info/SOURCES.txt
/home/robb/ROBB/ROS/ros2_ws/install/server_to_motors/lib/python3.10/site-packages/server_to_motors-0.0.0-py3.10.egg-info/top_level.txt
/home/robb/ROBB/ROS/ros2_ws/install/server_to_motors/lib/python3.10/site-packages/server_to_motors-0.0.0-py3.10.egg-info/zip-safe
/home/robb/ROBB/ROS/ros2_ws/install/server_to_motors/lib/server_to_motors/listener
/home/robb/ROBB/ROS/ros2_ws/install/server_to_motors/lib/server_to_motors/object_talker
/home/robb/ROBB/ROS/ros2_ws/install/server_to_motors/lib/server_to_motors/talker
