[0.903s] Invoking command in '/home/robb/ROBB/ROS/ros2_ws/src/server_to_motors': PYTHONPATH=/home/robb/ROBB/ROS/ros2_ws/install/server_to_motors/lib/python3.10/site-packages:${PYTHONPATH} /usr/bin/python3 setup.py egg_info --egg-base ../../build/server_to_motors build --build-base /home/robb/ROBB/ROS/ros2_ws/build/server_to_motors/build install --prefix /home/robb/ROBB/ROS/ros2_ws/install/server_to_motors --record /home/robb/ROBB/ROS/ros2_ws/build/server_to_motors/install.log --single-version-externally-managed
[1.247s] running egg_info
[1.248s] writing ../../build/server_to_motors/server_to_motors.egg-info/PKG-INFO
[1.248s] writing dependency_links to ../../build/server_to_motors/server_to_motors.egg-info/dependency_links.txt
[1.248s] writing entry points to ../../build/server_to_motors/server_to_motors.egg-info/entry_points.txt
[1.249s] writing requirements to ../../build/server_to_motors/server_to_motors.egg-info/requires.txt
[1.249s] writing top-level names to ../../build/server_to_motors/server_to_motors.egg-info/top_level.txt
[1.252s] reading manifest file '../../build/server_to_motors/server_to_motors.egg-info/SOURCES.txt'
[1.253s] writing manifest file '../../build/server_to_motors/server_to_motors.egg-info/SOURCES.txt'
[1.253s] running build
[1.253s] running build_py
[1.254s] copying server_to_motors/subscriber_member_function.py -> /home/robb/ROBB/ROS/ros2_ws/build/server_to_motors/build/lib/server_to_motors
[1.254s] running install
[1.254s] /usr/lib/python3/dist-packages/setuptools/command/install.py:34: SetuptoolsDeprecationWarning: setup.py install is deprecated. Use build and pip and other standards-based tools.
[1.255s]   warnings.warn(
[1.255s] running install_lib
[1.256s] copying /home/robb/ROBB/ROS/ros2_ws/build/server_to_motors/build/lib/server_to_motors/subscriber_member_function.py -> /home/robb/ROBB/ROS/ros2_ws/install/server_to_motors/lib/python3.10/site-packages/server_to_motors
[1.257s] byte-compiling /home/robb/ROBB/ROS/ros2_ws/install/server_to_motors/lib/python3.10/site-packages/server_to_motors/subscriber_member_function.py to subscriber_member_function.cpython-310.pyc
[1.259s] running install_data
[1.260s] running install_egg_info
[1.262s] removing '/home/robb/ROBB/ROS/ros2_ws/install/server_to_motors/lib/python3.10/site-packages/server_to_motors-0.0.0-py3.10.egg-info' (and everything under it)
[1.262s] Copying ../../build/server_to_motors/server_to_motors.egg-info to /home/robb/ROBB/ROS/ros2_ws/install/server_to_motors/lib/python3.10/site-packages/server_to_motors-0.0.0-py3.10.egg-info
[1.263s] running install_scripts
[1.298s] Installing listener script to /home/robb/ROBB/ROS/ros2_ws/install/server_to_motors/lib/server_to_motors
[1.298s] Installing object_talker script to /home/robb/ROBB/ROS/ros2_ws/install/server_to_motors/lib/server_to_motors
[1.298s] Installing talker script to /home/robb/ROBB/ROS/ros2_ws/install/server_to_motors/lib/server_to_motors
[1.298s] writing list of installed files to '/home/robb/ROBB/ROS/ros2_ws/build/server_to_motors/install.log'
[1.334s] Invoked command in '/home/robb/ROBB/ROS/ros2_ws/src/server_to_motors' returned '0': PYTHONPATH=/home/robb/ROBB/ROS/ros2_ws/install/server_to_motors/lib/python3.10/site-packages:${PYTHONPATH} /usr/bin/python3 setup.py egg_info --egg-base ../../build/server_to_motors build --build-base /home/robb/ROBB/ROS/ros2_ws/build/server_to_motors/build install --prefix /home/robb/ROBB/ROS/ros2_ws/install/server_to_motors --record /home/robb/ROBB/ROS/ros2_ws/build/server_to_motors/install.log --single-version-externally-managed
