[0.879s] Invoking command in '/home/robb/ROBB/ROS/ros2_ws/src/server_to_motors': PYTHONPATH=/home/robb/ROBB/ROS/ros2_ws/install/server_to_motors/lib/python3.10/site-packages:${PYTHONPATH} /usr/bin/python3 setup.py egg_info --egg-base ../../build/server_to_motors build --build-base /home/robb/ROBB/ROS/ros2_ws/build/server_to_motors/build install --prefix /home/robb/ROBB/ROS/ros2_ws/install/server_to_motors --record /home/robb/ROBB/ROS/ros2_ws/build/server_to_motors/install.log --single-version-externally-managed
[1.212s] running egg_info
[1.213s] writing ../../build/server_to_motors/server_to_motors.egg-info/PKG-INFO
[1.213s] writing dependency_links to ../../build/server_to_motors/server_to_motors.egg-info/dependency_links.txt
[1.213s] writing entry points to ../../build/server_to_motors/server_to_motors.egg-info/entry_points.txt
[1.213s] writing requirements to ../../build/server_to_motors/server_to_motors.egg-info/requires.txt
[1.214s] writing top-level names to ../../build/server_to_motors/server_to_motors.egg-info/top_level.txt
[1.216s] reading manifest file '../../build/server_to_motors/server_to_motors.egg-info/SOURCES.txt'
[1.217s] writing manifest file '../../build/server_to_motors/server_to_motors.egg-info/SOURCES.txt'
[1.217s] running build
[1.218s] running build_py
[1.218s] copying server_to_motors/subscriber_member_function.py -> /home/robb/ROBB/ROS/ros2_ws/build/server_to_motors/build/lib/server_to_motors
[1.218s] running install
[1.219s] /usr/lib/python3/dist-packages/setuptools/command/install.py:34: SetuptoolsDeprecationWarning: setup.py install is deprecated. Use build and pip and other standards-based tools.
[1.219s]   warnings.warn(
[1.219s] running install_lib
[1.220s] copying /home/robb/ROBB/ROS/ros2_ws/build/server_to_motors/build/lib/server_to_motors/subscriber_member_function.py -> /home/robb/ROBB/ROS/ros2_ws/install/server_to_motors/lib/python3.10/site-packages/server_to_motors
[1.221s] byte-compiling /home/robb/ROBB/ROS/ros2_ws/install/server_to_motors/lib/python3.10/site-packages/server_to_motors/subscriber_member_function.py to subscriber_member_function.cpython-310.pyc
[1.222s] running install_data
[1.223s] running install_egg_info
[1.225s] removing '/home/robb/ROBB/ROS/ros2_ws/install/server_to_motors/lib/python3.10/site-packages/server_to_motors-0.0.0-py3.10.egg-info' (and everything under it)
[1.225s] Copying ../../build/server_to_motors/server_to_motors.egg-info to /home/robb/ROBB/ROS/ros2_ws/install/server_to_motors/lib/python3.10/site-packages/server_to_motors-0.0.0-py3.10.egg-info
[1.226s] running install_scripts
[1.257s] Installing listener script to /home/robb/ROBB/ROS/ros2_ws/install/server_to_motors/lib/server_to_motors
[1.257s] Installing talker script to /home/robb/ROBB/ROS/ros2_ws/install/server_to_motors/lib/server_to_motors
[1.258s] writing list of installed files to '/home/robb/ROBB/ROS/ros2_ws/build/server_to_motors/install.log'
[1.291s] Invoked command in '/home/robb/ROBB/ROS/ros2_ws/src/server_to_motors' returned '0': PYTHONPATH=/home/robb/ROBB/ROS/ros2_ws/install/server_to_motors/lib/python3.10/site-packages:${PYTHONPATH} /usr/bin/python3 setup.py egg_info --egg-base ../../build/server_to_motors build --build-base /home/robb/ROBB/ROS/ros2_ws/build/server_to_motors/build install --prefix /home/robb/ROBB/ROS/ros2_ws/install/server_to_motors --record /home/robb/ROBB/ROS/ros2_ws/build/server_to_motors/install.log --single-version-externally-managed
