[0.896s] Invoking command in '/home/robb/ROBB/ROS/ros2_ws/src/server_to_motors': PYTHONPATH=/home/robb/ROBB/ROS/ros2_ws/install/server_to_motors/lib/python3.10/site-packages:${PYTHONPATH} /usr/bin/python3 setup.py egg_info --egg-base ../../build/server_to_motors build --build-base /home/robb/ROBB/ROS/ros2_ws/build/server_to_motors/build install --prefix /home/robb/ROBB/ROS/ros2_ws/install/server_to_motors --record /home/robb/ROBB/ROS/ros2_ws/build/server_to_motors/install.log --single-version-externally-managed
[1.232s] running egg_info
[1.233s] writing ../../build/server_to_motors/server_to_motors.egg-info/PKG-INFO
[1.233s] writing dependency_links to ../../build/server_to_motors/server_to_motors.egg-info/dependency_links.txt
[1.233s] writing entry points to ../../build/server_to_motors/server_to_motors.egg-info/entry_points.txt
[1.234s] writing requirements to ../../build/server_to_motors/server_to_motors.egg-info/requires.txt
[1.234s] writing top-level names to ../../build/server_to_motors/server_to_motors.egg-info/top_level.txt
[1.236s] reading manifest file '../../build/server_to_motors/server_to_motors.egg-info/SOURCES.txt'
[1.238s] writing manifest file '../../build/server_to_motors/server_to_motors.egg-info/SOURCES.txt'
[1.238s] running build
[1.238s] running build_py
[1.238s] copying server_to_motors/subscriber_member_function.py -> /home/robb/ROBB/ROS/ros2_ws/build/server_to_motors/build/lib/server_to_motors
[1.239s] running install
[1.239s] /usr/lib/python3/dist-packages/setuptools/command/install.py:34: SetuptoolsDeprecationWarning: setup.py install is deprecated. Use build and pip and other standards-based tools.
[1.239s]   warnings.warn(
[1.239s] running install_lib
[1.241s] copying /home/robb/ROBB/ROS/ros2_ws/build/server_to_motors/build/lib/server_to_motors/subscriber_member_function.py -> /home/robb/ROBB/ROS/ros2_ws/install/server_to_motors/lib/python3.10/site-packages/server_to_motors
[1.241s] byte-compiling /home/robb/ROBB/ROS/ros2_ws/install/server_to_motors/lib/python3.10/site-packages/server_to_motors/subscriber_member_function.py to subscriber_member_function.cpython-310.pyc
[1.242s] running install_data
[1.243s] running install_egg_info
[1.245s] removing '/home/robb/ROBB/ROS/ros2_ws/install/server_to_motors/lib/python3.10/site-packages/server_to_motors-0.0.0-py3.10.egg-info' (and everything under it)
[1.246s] Copying ../../build/server_to_motors/server_to_motors.egg-info to /home/robb/ROBB/ROS/ros2_ws/install/server_to_motors/lib/python3.10/site-packages/server_to_motors-0.0.0-py3.10.egg-info
[1.247s] running install_scripts
[1.278s] Installing listener script to /home/robb/ROBB/ROS/ros2_ws/install/server_to_motors/lib/server_to_motors
[1.278s] Installing talker script to /home/robb/ROBB/ROS/ros2_ws/install/server_to_motors/lib/server_to_motors
[1.278s] writing list of installed files to '/home/robb/ROBB/ROS/ros2_ws/build/server_to_motors/install.log'
[1.315s] Invoked command in '/home/robb/ROBB/ROS/ros2_ws/src/server_to_motors' returned '0': PYTHONPATH=/home/robb/ROBB/ROS/ros2_ws/install/server_to_motors/lib/python3.10/site-packages:${PYTHONPATH} /usr/bin/python3 setup.py egg_info --egg-base ../../build/server_to_motors build --build-base /home/robb/ROBB/ROS/ros2_ws/build/server_to_motors/build install --prefix /home/robb/ROBB/ROS/ros2_ws/install/server_to_motors --record /home/robb/ROBB/ROS/ros2_ws/build/server_to_motors/install.log --single-version-externally-managed
